app/build/outputs/logs/manifest-merger-debug-report.txt
-- Merging decision tree log ---
manifest
ADDED from AndroidManifest.xml:2:1
	package
		ADDED from AndroidManifest.xml:3:5
		INJECTED from AndroidManifest.xml:0:0
		INJECTED from AndroidManifest.xml:0:0
	android:versionName
		INJECTED from AndroidManifest.xml:0:0
		INJECTED from AndroidManifest.xml:0:0
	xmlns:android
		ADDED from AndroidManifest.xml:2:11
	android:versionCode
		INJECTED from AndroidManifest.xml:0:0
		INJECTED from AndroidManifest.xml:0:0
	android:installLocation
		ADDED from AndroidManifest.xml:4:5
uses-sdk
ADDED from AndroidManifest.xml:6:5
MERGED from com.android.support:multidex:1.0.1:18:5
MERGED from com.android.support:appcompat-v7:22.1.1:20:5
MERGED from com.android.support:support-v4:22.1.1:20:5
MERGED from com.android.support:recyclerview-v7:22.1.1:20:5
MERGED from com.android.support:support-v4:22.1.1:20:5
MERGED from com.github.chrisbanes.photoview:library:1.2.3:2:5
MERGED from com.android.support:support-v4:22.1.1:20:5
MERGED from io.reactivex:rxandroid:1.0.1:19:5
MERGED from com.yalantis:contextmenu:1.0.4:7:5
MERGED from com.android.support:appcompat-v7:22.1.1:20:5
MERGED from com.android.support:support-v4:22.1.1:20:5
MERGED from com.squareup.leakcanary:leakcanary-android:1.3:20:5
	android:targetSdkVersion
		ADDED from AndroidManifest.xml:8:9
		INJECTED from AndroidManifest.xml:0:0
		INJECTED from AndroidManifest.xml:0:0
	android:minSdkVersion
		ADDED from AndroidManifest.xml:7:9
		INJECTED from AndroidManifest.xml:0:0
		INJECTED from AndroidManifest.xml:0:0
uses-permission#android.permission.SYSTEM_ALERT_WINDOW
ADDED from AndroidManifest.xml:10:5
	android:name
		ADDED from AndroidManifest.xml:10:22
uses-permission#android.permission.ACCESS_DOWNLOAD_MANAGER
ADDED from AndroidManifest.xml:11:5
	android:name
		ADDED from AndroidManifest.xml:11:22
uses-permission#android.permission.DOWNLOAD_WITHOUT_NOTIFICATION
ADDED from AndroidManifest.xml:12:5
	android:name
		ADDED from AndroidManifest.xml:12:22
uses-permission#android.permission.INTERNET
ADDED from AndroidManifest.xml:13:5
	android:name
		ADDED from AndroidManifest.xml:13:22
uses-permission#android.permission.CALL_PHONE
ADDED from AndroidManifest.xml:14:5
	android:name
		ADDED from AndroidManifest.xml:14:22
uses-permission#android.permission.WRITE_EXTERNAL_STORAGE
ADDED from AndroidManifest.xml:15:5
	android:name
		ADDED from AndroidManifest.xml:15:22
uses-permission#android.permission.ACCESS_COARSE_LOCATION
ADDED from AndroidManifest.xml:16:5
	android:name
		ADDED from AndroidManifest.xml:16:22
uses-permission#android.permission.ACCESS_NETWORK_STATE
ADDED from AndroidManifest.xml:17:5
	android:name
		ADDED from AndroidManifest.xml:17:22
uses-permission#android.permission.ACCESS_FINE_LOCATION
ADDED from AndroidManifest.xml:18:5
	android:name
		ADDED from AndroidManifest.xml:18:22
uses-permission#android.permission.READ_PHONE_STATE
ADDED from AndroidManifest.xml:19:5
	android:name
		ADDED from AndroidManifest.xml:19:22
uses-permission#android.permission.CHANGE_WIFI_STATE
ADDED from AndroidManifest.xml:20:5
	android:name
		ADDED from AndroidManifest.xml:20:22
uses-permission#android.permission.ACCESS_WIFI_STATE
ADDED from AndroidManifest.xml:21:5
	android:name
		ADDED from AndroidManifest.xml:21:22
uses-permission#android.permission.CHANGE_CONFIGURATION
ADDED from AndroidManifest.xml:22:5
	android:name
		ADDED from AndroidManifest.xml:22:22
uses-permission#android.permission.WRITE_SETTINGS
ADDED from AndroidManifest.xml:23:5
	android:name
		ADDED from AndroidManifest.xml:23:22
uses-permission#android.permission.MOUNT_UNMOUNT_FILESYSTEMS
ADDED from AndroidManifest.xml:24:5
	android:name
		ADDED from AndroidManifest.xml:24:22
uses-permission#android.permission.READ_LOGS
ADDED from AndroidManifest.xml:25:5
	android:name
		ADDED from AndroidManifest.xml:25:22
uses-permission#android.permission.VIBRATE
ADDED from AndroidManifest.xml:26:5
	android:name
		ADDED from AndroidManifest.xml:26:22
uses-permission#android.permission.WAKE_LOCK
ADDED from AndroidManifest.xml:27:5
	android:name
		ADDED from AndroidManifest.xml:27:22
uses-permission#android.permission.READ_EXTERNAL_STORAGE
ADDED from AndroidManifest.xml:28:5
	android:name
		ADDED from AndroidManifest.xml:28:22
permission#${applicationId}.permission.MIPUSH_RECEIVE
ADDED from AndroidManifest.xml:30:5
	android:protectionLevel
		ADDED from AndroidManifest.xml:32:9
	android:name
		ADDED from AndroidManifest.xml:31:9
		INJECTED from AndroidManifest.xml:0:0
uses-permission#${applicationId}.permission.MIPUSH_RECEIVE
ADDED from AndroidManifest.xml:34:5
	android:name
		ADDED from AndroidManifest.xml:34:22
		INJECTED from AndroidManifest.xml:0:0
uses-permission#android.permission.RECEIVE_BOOT_COMPLETED
ADDED from AndroidManifest.xml:37:5
	android:name
		ADDED from AndroidManifest.xml:37:22
uses-permission#android.permission.RESTART_PACKAGES
ADDED from AndroidManifest.xml:38:5
	android:name
		ADDED from AndroidManifest.xml:38:22
uses-permission#android.permission.BROADCAST_STICKY
ADDED from AndroidManifest.xml:39:5
	android:name
		ADDED from AndroidManifest.xml:39:22
uses-permission#android.permission.RECEIVE_USER_PRESENT
ADDED from AndroidManifest.xml:40:5
	android:name
		ADDED from AndroidManifest.xml:40:22
uses-permission#android.permission.KILL_BACKGROUND_PROCESSES
ADDED from AndroidManifest.xml:41:5
	android:name
		ADDED from AndroidManifest.xml:41:22
uses-permission#android.permission.GET_TASKS
ADDED from AndroidManifest.xml:42:5
	android:name
		ADDED from AndroidManifest.xml:42:22
permission#com.loyo.oa.v2.permission.JPUSH_MESSAGE
ADDED from AndroidManifest.xml:45:5
	android:protectionLevel
		ADDED from AndroidManifest.xml:47:9
	android:name
		ADDED from AndroidManifest.xml:46:9
uses-permission#${applicationId}.permission.JPUSH_MESSAGE
ADDED from AndroidManifest.xml:50:5
	android:name
		ADDED from AndroidManifest.xml:50:22
		INJECTED from AndroidManifest.xml:0:0
uses-permission#android.permission.ACCESS_LOCATION_EXTRA_COMMANDS
ADDED from AndroidManifest.xml:67:5
	android:name
		ADDED from AndroidManifest.xml:67:22
uses-permission#android.permission.CHANGE_NETWORK_STATE
ADDED from AndroidManifest.xml:68:5
	android:name
		ADDED from AndroidManifest.xml:68:22
application
ADDED from AndroidManifest.xml:71:5
MERGED from com.android.support:appcompat-v7:22.1.1:22:5
MERGED from com.android.support:support-v4:22.1.1:22:5
MERGED from com.android.support:recyclerview-v7:22.1.1:22:5
MERGED from com.android.support:support-v4:22.1.1:22:5
MERGED from com.github.chrisbanes.photoview:library:1.2.3:4:5
MERGED from com.android.support:support-v4:22.1.1:22:5
MERGED from com.yalantis:contextmenu:1.0.4:11:5
MERGED from com.android.support:appcompat-v7:22.1.1:22:5
MERGED from com.android.support:support-v4:22.1.1:22:5
MERGED from com.squareup.leakcanary:leakcanary-android:1.3:24:5
	android:label
		ADDED from AndroidManifest.xml:76:9
	android:hardwareAccelerated
		ADDED from com.github.chrisbanes.photoview:library:1.2.3:4:45
	android:windowSoftInputMode
		ADDED from AndroidManifest.xml:78:9
	android:configChanges
		ADDED from AndroidManifest.xml:74:9
	android:allowBackup
		ADDED from AndroidManifest.xml:73:9
	android:icon
		ADDED from AndroidManifest.xml:75:9
	android:theme
		ADDED from AndroidManifest.xml:77:9
	android:name
		ADDED from AndroidManifest.xml:72:9
receiver#com.tencent.android.tpush.XGPushReceiver
ADDED from AndroidManifest.xml:81:9
	android:process
		ADDED from AndroidManifest.xml:83:13
	android:name
		ADDED from AndroidManifest.xml:82:13
intent-filter#android.bluetooth.adapter.action.STATE_CHANGED+android.intent.action.ACTION_POWER_CONNECTED+android.intent.action.ACTION_POWER_DISCONNECTED+android.intent.action.USER_PRESENT+android.net.conn.CONNECTIVITY_CHANGE+com.tencent.android.tpush.action.INTERNAL_PUSH_MESSAGE+com.tencent.android.tpush.action.SDK
ADDED from AndroidManifest.xml:84:13
	android:priority
		ADDED from AndroidManifest.xml:84:28
action#com.tencent.android.tpush.action.SDK
ADDED from AndroidManifest.xml:87:17
	android:name
		ADDED from AndroidManifest.xml:87:25
action#com.tencent.android.tpush.action.INTERNAL_PUSH_MESSAGE
ADDED from AndroidManifest.xml:88:17
	android:name
		ADDED from AndroidManifest.xml:88:25
action#android.intent.action.USER_PRESENT
ADDED from AndroidManifest.xml:90:17
	android:name
		ADDED from AndroidManifest.xml:90:25
action#android.net.conn.CONNECTIVITY_CHANGE
ADDED from AndroidManifest.xml:91:17
	android:name
		ADDED from AndroidManifest.xml:91:25
action#android.bluetooth.adapter.action.STATE_CHANGED
ADDED from AndroidManifest.xml:94:17
	android:name
		ADDED from AndroidManifest.xml:94:25
action#android.intent.action.ACTION_POWER_CONNECTED
ADDED from AndroidManifest.xml:95:17
	android:name
		ADDED from AndroidManifest.xml:95:25
action#android.intent.action.ACTION_POWER_DISCONNECTED
ADDED from AndroidManifest.xml:96:17
	android:name
		ADDED from AndroidManifest.xml:96:25
activity#com.tencent.android.tpush.XGPushActivity
ADDED from AndroidManifest.xml:102:9
	android:exported
		ADDED from AndroidManifest.xml:104:13
	android:name
		ADDED from AndroidManifest.xml:103:13
intent-filter#android.intent.action
ADDED from AndroidManifest.xml:105:13
action#android.intent.action
ADDED from AndroidManifest.xml:106:17
	android:name
		ADDED from AndroidManifest.xml:106:25
service#com.tencent.android.tpush.service.XGPushService
ADDED from AndroidManifest.xml:111:9
	android:process
		ADDED from AndroidManifest.xml:115:13
	android:exported
		ADDED from AndroidManifest.xml:113:13
	android:persistent
		ADDED from AndroidManifest.xml:114:13
	android:name
		ADDED from AndroidManifest.xml:112:13
service#com.tencent.android.tpush.rpc.XGRemoteService
ADDED from AndroidManifest.xml:118:9
	android:exported
		ADDED from AndroidManifest.xml:120:13
	android:name
		ADDED from AndroidManifest.xml:119:13
intent-filter#com.loyo.oa.v2.debug.PUSH_ACTION
ADDED from AndroidManifest.xml:121:13
action#com.loyo.oa.v2.debug.PUSH_ACTION
ADDED from AndroidManifest.xml:122:17
	android:name
		ADDED from AndroidManifest.xml:122:25
meta-data#XG_V2_ACCESS_ID
ADDED from AndroidManifest.xml:126:9
	android:value
		ADDED from AndroidManifest.xml:128:13
	android:name
		ADDED from AndroidManifest.xml:127:13
meta-data#XG_V2_ACCESS_KEY
ADDED from AndroidManifest.xml:129:9
	android:value
		ADDED from AndroidManifest.xml:131:13
	android:name
		ADDED from AndroidManifest.xml:130:13
meta-data#com.baidu.lbsapi.API_KEY
ADDED from AndroidManifest.xml:135:9
	android:value
		ADDED from AndroidManifest.xml:137:13
	android:name
		ADDED from AndroidManifest.xml:136:13
service#com.baidu.location.f
ADDED from AndroidManifest.xml:139:9
	android:enabled
		ADDED from AndroidManifest.xml:141:13
	android:process
		ADDED from AndroidManifest.xml:142:13
	android:name
		ADDED from AndroidManifest.xml:140:13
intent-filter#com.baidu.location.service_v2.2
ADDED from AndroidManifest.xml:143:13
action#com.baidu.location.service_v2.2
ADDED from AndroidManifest.xml:144:17
	android:name
		ADDED from AndroidManifest.xml:144:25
meta-data#com.amap.api.v2.apikey
ADDED from AndroidManifest.xml:149:9
	android:value
		ADDED from AndroidManifest.xml:151:13
	android:name
		ADDED from AndroidManifest.xml:150:13
activity#com.loyo.oa.v2.activity.LauncherActivity_
ADDED from AndroidManifest.xml:153:9
	android:screenOrientation
		ADDED from AndroidManifest.xml:157:13
	android:label
		ADDED from AndroidManifest.xml:155:13
	android:launchMode
		ADDED from AndroidManifest.xml:156:13
	android:windowSoftInputMode
		ADDED from AndroidManifest.xml:159:13
	android:theme
		ADDED from AndroidManifest.xml:158:13
	android:name
		ADDED from AndroidManifest.xml:154:13
intent-filter#android.intent.action.MAIN+android.intent.category.LAUNCHER
ADDED from AndroidManifest.xml:160:13
action#android.intent.action.MAIN
ADDED from AndroidManifest.xml:161:17
	android:name
		ADDED from AndroidManifest.xml:161:25
category#android.intent.category.LAUNCHER
ADDED from AndroidManifest.xml:163:17
	android:name
		ADDED from AndroidManifest.xml:163:27
activity#com.loyo.oa.v2.activity.ResetPasswordActivity_
ADDED from AndroidManifest.xml:166:9
	android:screenOrientation
		ADDED from AndroidManifest.xml:170:13
	android:label
		ADDED from AndroidManifest.xml:168:13
	android:launchMode
		ADDED from AndroidManifest.xml:169:13
	android:windowSoftInputMode
		ADDED from AndroidManifest.xml:171:13
	android:name
		ADDED from AndroidManifest.xml:167:13
activity#com.loyo.oa.v2.activity.VerifyAccountActivity_
ADDED from AndroidManifest.xml:173:9
	android:screenOrientation
		ADDED from AndroidManifest.xml:177:13
	android:label
		ADDED from AndroidManifest.xml:175:13
	android:launchMode
		ADDED from AndroidManifest.xml:176:13
	android:windowSoftInputMode
		ADDED from AndroidManifest.xml:178:13
	android:name
		ADDED from AndroidManifest.xml:174:13
activity#com.loyo.oa.v2.activity.MainActivity_
ADDED from AndroidManifest.xml:180:9
	android:screenOrientation
		ADDED from AndroidManifest.xml:184:13
	android:label
		ADDED from AndroidManifest.xml:182:13
	android:launchMode
		ADDED from AndroidManifest.xml:183:13
	android:windowSoftInputMode
		ADDED from AndroidManifest.xml:185:13
	android:name
		ADDED from AndroidManifest.xml:181:13
activity#com.loyo.oa.v2.tool.customview.multi_image_selector.MultiImageSelectorActivity
ADDED from AndroidManifest.xml:187:9
	android:screenOrientation
		ADDED from AndroidManifest.xml:191:13
	android:launchMode
		ADDED from AndroidManifest.xml:190:13
	android:windowSoftInputMode
		ADDED from AndroidManifest.xml:192:13
	android:configChanges
		ADDED from AndroidManifest.xml:189:13
	android:name
		ADDED from AndroidManifest.xml:188:13
activity#com.loyo.oa.v2.tool.customview.multi_image_selector.CropImageActivity_
ADDED from AndroidManifest.xml:193:9
	android:screenOrientation
		ADDED from AndroidManifest.xml:196:13
	android:launchMode
		ADDED from AndroidManifest.xml:195:13
	android:windowSoftInputMode
		ADDED from AndroidManifest.xml:197:13
	android:name
		ADDED from AndroidManifest.xml:194:13
activity#com.loyo.oa.v2.activity.WorkReportReviewActivity_
ADDED from AndroidManifest.xml:198:9
	android:screenOrientation
		ADDED from AndroidManifest.xml:201:13
	android:launchMode
		ADDED from AndroidManifest.xml:200:13
	android:windowSoftInputMode
		ADDED from AndroidManifest.xml:202:13
	android:name
		ADDED from AndroidManifest.xml:199:13
activity#com.loyo.oa.v2.activity.CommonTagSelectActivity_
ADDED from AndroidManifest.xml:203:9
	android:screenOrientation
		ADDED from AndroidManifest.xml:206:13
	android:launchMode
		ADDED from AndroidManifest.xml:205:13
	android:windowSoftInputMode
		ADDED from AndroidManifest.xml:207:13
	android:name
		ADDED from AndroidManifest.xml:204:13
activity#com.loyo.oa.v2.activity.NearByCustomersActivity_
ADDED from AndroidManifest.xml:208:9
	android:screenOrientation
		ADDED from AndroidManifest.xml:211:13
	android:launchMode
		ADDED from AndroidManifest.xml:210:13
	android:windowSoftInputMode
		ADDED from AndroidManifest.xml:212:13
	android:name
		ADDED from AndroidManifest.xml:209:13
activity#com.loyo.oa.v2.activity.NearByCustomersMapActivity_
ADDED from AndroidManifest.xml:213:9
	android:screenOrientation
		ADDED from AndroidManifest.xml:216:13
	android:launchMode
		ADDED from AndroidManifest.xml:215:13
	android:windowSoftInputMode
		ADDED from AndroidManifest.xml:217:13
	android:name
		ADDED from AndroidManifest.xml:214:13
activity#com.loyo.oa.v2.activity.LegworksListActivity_
ADDED from AndroidManifest.xml:218:9
	android:screenOrientation
		ADDED from AndroidManifest.xml:221:13
	android:launchMode
		ADDED from AndroidManifest.xml:220:13
	android:windowSoftInputMode
		ADDED from AndroidManifest.xml:222:13
	android:name
		ADDED from AndroidManifest.xml:219:13
activity#com.loyo.oa.v2.activity.SignInListActivity_
ADDED from AndroidManifest.xml:223:9
	android:screenOrientation
		ADDED from AndroidManifest.xml:226:13
	android:launchMode
		ADDED from AndroidManifest.xml:225:13
	android:windowSoftInputMode
		ADDED from AndroidManifest.xml:227:13
	android:name
		ADDED from AndroidManifest.xml:224:13
activity#com.loyo.oa.v2.activity.CustomerDetailInfoActivity_
ADDED from AndroidManifest.xml:228:9
	android:screenOrientation
		ADDED from AndroidManifest.xml:231:13
	android:launchMode
		ADDED from AndroidManifest.xml:230:13
	android:windowSoftInputMode
		ADDED from AndroidManifest.xml:232:13
	android:name
		ADDED from AndroidManifest.xml:229:13
activity#com.loyo.oa.v2.activity.CustomerContactManageActivity_
ADDED from AndroidManifest.xml:233:9
	android:screenOrientation
		ADDED from AndroidManifest.xml:236:13
	android:launchMode
		ADDED from AndroidManifest.xml:235:13
	android:windowSoftInputMode
		ADDED from AndroidManifest.xml:237:13
	android:name
		ADDED from AndroidManifest.xml:234:13
activity#com.loyo.oa.v2.activity.AttendanceActivity_
ADDED from AndroidManifest.xml:238:9
	android:screenOrientation
		ADDED from AndroidManifest.xml:241:13
	android:launchMode
		ADDED from AndroidManifest.xml:240:13
	android:windowSoftInputMode
		ADDED from AndroidManifest.xml:242:13
	android:name
		ADDED from AndroidManifest.xml:239:13
activity#com.loyo.oa.v2.activity.AttendanceAddActivity_
ADDED from AndroidManifest.xml:243:9
	android:screenOrientation
		ADDED from AndroidManifest.xml:246:13
	android:launchMode
		ADDED from AndroidManifest.xml:245:13
	android:windowSoftInputMode
		ADDED from AndroidManifest.xml:247:13
	android:name
		ADDED from AndroidManifest.xml:244:13
activity#com.loyo.oa.v2.activity.PreviewAttendanceActivity_
ADDED from AndroidManifest.xml:248:9
	android:screenOrientation
		ADDED from AndroidManifest.xml:251:13
	android:launchMode
		ADDED from AndroidManifest.xml:250:13
	android:windowSoftInputMode
		ADDED from AndroidManifest.xml:252:13
	android:name
		ADDED from AndroidManifest.xml:249:13
activity#com.loyo.oa.v2.activity.ContactsDepartmentActivity_
ADDED from AndroidManifest.xml:253:9
	android:screenOrientation
		ADDED from AndroidManifest.xml:256:13
	android:launchMode
		ADDED from AndroidManifest.xml:255:13
	android:windowSoftInputMode
		ADDED from AndroidManifest.xml:257:13
	android:name
		ADDED from AndroidManifest.xml:254:13
activity#com.loyo.oa.v2.activity.ProjectManageActivity_
ADDED from AndroidManifest.xml:258:9
	android:screenOrientation
		ADDED from AndroidManifest.xml:261:13
	android:launchMode
		ADDED from AndroidManifest.xml:260:13
	android:windowSoftInputMode
		ADDED from AndroidManifest.xml:262:13
	android:name
		ADDED from AndroidManifest.xml:259:13
activity#com.loyo.oa.v2.activity.ProjectInfoActivity_
ADDED from AndroidManifest.xml:263:9
	android:screenOrientation
		ADDED from AndroidManifest.xml:266:13
	android:launchMode
		ADDED from AndroidManifest.xml:265:13
	android:windowSoftInputMode
		ADDED from AndroidManifest.xml:267:13
	android:name
		ADDED from AndroidManifest.xml:264:13
activity#com.loyo.oa.v2.activity.ProjectDescriptionActivity_
ADDED from AndroidManifest.xml:268:9
	android:screenOrientation
		ADDED from AndroidManifest.xml:271:13
	android:launchMode
		ADDED from AndroidManifest.xml:270:13
	android:windowSoftInputMode
		ADDED from AndroidManifest.xml:272:13
	android:name
		ADDED from AndroidManifest.xml:269:13
activity#com.loyo.oa.v2.activity.LoginActivity
ADDED from AndroidManifest.xml:273:9
	android:screenOrientation
		ADDED from AndroidManifest.xml:276:13
	android:launchMode
		ADDED from AndroidManifest.xml:275:13
	android:windowSoftInputMode
		ADDED from AndroidManifest.xml:277:13
	android:name
		ADDED from AndroidManifest.xml:274:13
activity#com.loyo.oa.v2.activity.LoginBQQActivity
ADDED from AndroidManifest.xml:278:9
	android:screenOrientation
		ADDED from AndroidManifest.xml:281:13
	android:launchMode
		ADDED from AndroidManifest.xml:280:13
	android:windowSoftInputMode
		ADDED from AndroidManifest.xml:282:13
	android:name
		ADDED from AndroidManifest.xml:279:13
activity#com.loyo.oa.v2.wxapi.WXEntryActivity
ADDED from AndroidManifest.xml:283:9
	android:screenOrientation
		ADDED from AndroidManifest.xml:287:13
	android:launchMode
		ADDED from AndroidManifest.xml:286:13
	android:exported
		ADDED from AndroidManifest.xml:285:13
	android:windowSoftInputMode
		ADDED from AndroidManifest.xml:289:13
	android:theme
		ADDED from AndroidManifest.xml:288:13
	android:name
		ADDED from AndroidManifest.xml:284:13
activity#com.loyo.oa.v2.activity.SignInActivity
ADDED from AndroidManifest.xml:290:9
	android:screenOrientation
		ADDED from AndroidManifest.xml:293:13
	android:launchMode
		ADDED from AndroidManifest.xml:292:13
	android:windowSoftInputMode
		ADDED from AndroidManifest.xml:294:13
	android:name
		ADDED from AndroidManifest.xml:291:13
activity#com.loyo.oa.v2.activity.DepartmentUserActivity
ADDED from AndroidManifest.xml:295:9
	android:screenOrientation
		ADDED from AndroidManifest.xml:298:13
	android:launchMode
		ADDED from AndroidManifest.xml:297:13
	android:windowSoftInputMode
		ADDED from AndroidManifest.xml:300:13
	android:theme
		ADDED from AndroidManifest.xml:299:13
	android:name
		ADDED from AndroidManifest.xml:296:13
activity#com.loyo.oa.v2.activity.SignInfoActivity
ADDED from AndroidManifest.xml:301:9
	android:screenOrientation
		ADDED from AndroidManifest.xml:304:13
	android:launchMode
		ADDED from AndroidManifest.xml:303:13
	android:windowSoftInputMode
		ADDED from AndroidManifest.xml:305:13
	android:name
		ADDED from AndroidManifest.xml:302:13
activity#com.loyo.oa.v2.activity.SignInManagerActivity_
ADDED from AndroidManifest.xml:306:9
	android:screenOrientation
		ADDED from AndroidManifest.xml:309:13
	android:launchMode
		ADDED from AndroidManifest.xml:308:13
	android:windowSoftInputMode
		ADDED from AndroidManifest.xml:310:13
	android:name
		ADDED from AndroidManifest.xml:307:13
activity#com.loyo.oa.v2.activity.BulletinManagerActivity_
ADDED from AndroidManifest.xml:311:9
	android:screenOrientation
		ADDED from AndroidManifest.xml:314:13
	android:launchMode
		ADDED from AndroidManifest.xml:313:13
	android:windowSoftInputMode
		ADDED from AndroidManifest.xml:315:13
	android:name
		ADDED from AndroidManifest.xml:312:13
activity#com.loyo.oa.v2.activity.CustomerBaseInfoEditActivity_
ADDED from AndroidManifest.xml:316:9
	android:screenOrientation
		ADDED from AndroidManifest.xml:319:13
	android:launchMode
		ADDED from AndroidManifest.xml:318:13
	android:windowSoftInputMode
		ADDED from AndroidManifest.xml:320:13
	android:name
		ADDED from AndroidManifest.xml:317:13
activity#com.loyo.oa.v2.activity.CustomerManageActivity_
ADDED from AndroidManifest.xml:321:9
	android:screenOrientation
		ADDED from AndroidManifest.xml:324:13
	android:launchMode
		ADDED from AndroidManifest.xml:323:13
	android:windowSoftInputMode
		ADDED from AndroidManifest.xml:325:13
	android:name
		ADDED from AndroidManifest.xml:322:13
activity#com.loyo.oa.v2.activity.CustomerAddActivity_
ADDED from AndroidManifest.xml:326:9
	android:screenOrientation
		ADDED from AndroidManifest.xml:329:13
	android:launchMode
		ADDED from AndroidManifest.xml:328:13
	android:windowSoftInputMode
		ADDED from AndroidManifest.xml:330:13
	android:name
		ADDED from AndroidManifest.xml:327:13
activity#com.loyo.oa.v2.activity.CustomerInfoActivity_
ADDED from AndroidManifest.xml:331:9
	android:screenOrientation
		ADDED from AndroidManifest.xml:333:13
	android:windowSoftInputMode
		ADDED from AndroidManifest.xml:334:13
	android:name
		ADDED from AndroidManifest.xml:332:13
activity#com.loyo.oa.v2.activity.CustomerLabelActivity_
ADDED from AndroidManifest.xml:335:9
	android:screenOrientation
		ADDED from AndroidManifest.xml:338:13
	android:launchMode
		ADDED from AndroidManifest.xml:337:13
	android:windowSoftInputMode
		ADDED from AndroidManifest.xml:339:13
	android:name
		ADDED from AndroidManifest.xml:336:13
activity#com.loyo.oa.v2.activity.SaleActivitiesManageActivity
ADDED from AndroidManifest.xml:340:9
	android:screenOrientation
		ADDED from AndroidManifest.xml:343:13
	android:launchMode
		ADDED from AndroidManifest.xml:342:13
	android:windowSoftInputMode
		ADDED from AndroidManifest.xml:344:13
	android:name
		ADDED from AndroidManifest.xml:341:13
activity#com.loyo.oa.v2.activity.DemandsManageActivity
ADDED from AndroidManifest.xml:345:9
	android:screenOrientation
		ADDED from AndroidManifest.xml:347:13
	android:windowSoftInputMode
		ADDED from AndroidManifest.xml:348:13
	android:name
		ADDED from AndroidManifest.xml:346:13
activity#com.loyo.oa.v2.activity.DemandsAddActivity
ADDED from AndroidManifest.xml:349:9
	android:screenOrientation
		ADDED from AndroidManifest.xml:351:13
	android:windowSoftInputMode
		ADDED from AndroidManifest.xml:352:13
	android:name
		ADDED from AndroidManifest.xml:350:13
activity#com.loyo.oa.v2.activity.TasksManageActivity_
ADDED from AndroidManifest.xml:353:9
	android:screenOrientation
		ADDED from AndroidManifest.xml:356:13
	android:launchMode
		ADDED from AndroidManifest.xml:355:13
	android:windowSoftInputMode
		ADDED from AndroidManifest.xml:357:13
	android:name
		ADDED from AndroidManifest.xml:354:13
activity#com.loyo.oa.v2.activity.TasksAddActivity_
ADDED from AndroidManifest.xml:358:9
	android:screenOrientation
		ADDED from AndroidManifest.xml:361:13
	android:launchMode
		ADDED from AndroidManifest.xml:360:13
	android:windowSoftInputMode
		ADDED from AndroidManifest.xml:362:13
	android:name
		ADDED from AndroidManifest.xml:359:13
activity#com.loyo.oa.v2.activity.ContactsActivity
ADDED from AndroidManifest.xml:363:9
	android:screenOrientation
		ADDED from AndroidManifest.xml:366:13
	android:launchMode
		ADDED from AndroidManifest.xml:365:13
	android:windowSoftInputMode
		ADDED from AndroidManifest.xml:367:13
	android:name
		ADDED from AndroidManifest.xml:364:13
activity#com.loyo.oa.v2.activity.TasksInfoActivity_
ADDED from AndroidManifest.xml:368:9
	android:screenOrientation
		ADDED from AndroidManifest.xml:371:13
	android:launchMode
		ADDED from AndroidManifest.xml:370:13
	android:windowSoftInputMode
		ADDED from AndroidManifest.xml:372:13
	android:name
		ADDED from AndroidManifest.xml:369:13
activity#com.loyo.oa.v2.activity.ChildTaskMnageActivity_
ADDED from AndroidManifest.xml:373:9
	android:screenOrientation
		ADDED from AndroidManifest.xml:376:13
	android:launchMode
		ADDED from AndroidManifest.xml:375:13
	android:windowSoftInputMode
		ADDED from AndroidManifest.xml:377:13
	android:name
		ADDED from AndroidManifest.xml:374:13
activity#com.loyo.oa.v2.activity.ChildTaskResponserSelectActivity_
ADDED from AndroidManifest.xml:378:9
	android:screenOrientation
		ADDED from AndroidManifest.xml:381:13
	android:launchMode
		ADDED from AndroidManifest.xml:380:13
	android:windowSoftInputMode
		ADDED from AndroidManifest.xml:382:13
	android:name
		ADDED from AndroidManifest.xml:379:13
activity#com.loyo.oa.v2.activity.ContactInfoActivity_
ADDED from AndroidManifest.xml:383:9
	android:screenOrientation
		ADDED from AndroidManifest.xml:386:13
	android:launchMode
		ADDED from AndroidManifest.xml:385:13
	android:windowSoftInputMode
		ADDED from AndroidManifest.xml:387:13
	android:name
		ADDED from AndroidManifest.xml:384:13
activity#com.loyo.oa.v2.activity.ContactInfoEditActivity_
ADDED from AndroidManifest.xml:388:9
	android:screenOrientation
		ADDED from AndroidManifest.xml:391:13
	android:launchMode
		ADDED from AndroidManifest.xml:390:13
	android:windowSoftInputMode
		ADDED from AndroidManifest.xml:392:13
	android:name
		ADDED from AndroidManifest.xml:389:13
activity#com.loyo.oa.v2.activity.ChildTaskAddActivity_
ADDED from AndroidManifest.xml:393:9
	android:screenOrientation
		ADDED from AndroidManifest.xml:396:13
	android:launchMode
		ADDED from AndroidManifest.xml:395:13
	android:windowSoftInputMode
		ADDED from AndroidManifest.xml:397:13
	android:name
		ADDED from AndroidManifest.xml:394:13
activity#com.loyo.oa.v2.activity.TasksEditActivity_
ADDED from AndroidManifest.xml:398:9
	android:screenOrientation
		ADDED from AndroidManifest.xml:401:13
	android:launchMode
		ADDED from AndroidManifest.xml:400:13
	android:windowSoftInputMode
		ADDED from AndroidManifest.xml:402:13
	android:name
		ADDED from AndroidManifest.xml:399:13
activity#com.loyo.oa.v2.activity.WorkReportsManageActivity
ADDED from AndroidManifest.xml:403:9
	android:screenOrientation
		ADDED from AndroidManifest.xml:406:13
	android:launchMode
		ADDED from AndroidManifest.xml:405:13
	android:windowSoftInputMode
		ADDED from AndroidManifest.xml:407:13
	android:name
		ADDED from AndroidManifest.xml:404:13
activity#com.loyo.oa.v2.activity.WorkReportsInfoActivity_
ADDED from AndroidManifest.xml:408:9
	android:screenOrientation
		ADDED from AndroidManifest.xml:411:13
	android:launchMode
		ADDED from AndroidManifest.xml:410:13
	android:windowSoftInputMode
		ADDED from AndroidManifest.xml:412:13
	android:name
		ADDED from AndroidManifest.xml:409:13
activity#com.loyo.oa.v2.activity.WorkReportAddActivity_
ADDED from AndroidManifest.xml:413:9
	android:screenOrientation
		ADDED from AndroidManifest.xml:416:13
	android:launchMode
		ADDED from AndroidManifest.xml:415:13
	android:windowSoftInputMode
		ADDED from AndroidManifest.xml:417:13
	android:name
		ADDED from AndroidManifest.xml:414:13
activity#com.loyo.oa.v2.activity.WfInstanceManageActivity
ADDED from AndroidManifest.xml:418:9
	android:screenOrientation
		ADDED from AndroidManifest.xml:421:13
	android:launchMode
		ADDED from AndroidManifest.xml:420:13
	android:windowSoftInputMode
		ADDED from AndroidManifest.xml:422:13
	android:name
		ADDED from AndroidManifest.xml:419:13
activity#com.loyo.oa.v2.activity.WfInstanceTypeSelectManageActivity
ADDED from AndroidManifest.xml:423:9
	android:screenOrientation
		ADDED from AndroidManifest.xml:426:13
	android:launchMode
		ADDED from AndroidManifest.xml:425:13
	android:windowSoftInputMode
		ADDED from AndroidManifest.xml:427:13
	android:name
		ADDED from AndroidManifest.xml:424:13
activity#com.loyo.oa.v2.activity.WfInstanceAddActivity_
ADDED from AndroidManifest.xml:428:9
	android:screenOrientation
		ADDED from AndroidManifest.xml:431:13
	android:launchMode
		ADDED from AndroidManifest.xml:430:13